Deploy complete @ Tue Aug 14 2018 09:43:53 GMT-0500 (CDT). added/changed 3 file(s): assets/main.scss.liquid, assets/states.scss.liquid, assets/theme.scss.liquid.
Deploy complete @ Tue Aug 14 2018 09:49:50 GMT-0500 (CDT). added/changed 3 file(s): assets/main.scss.liquid, assets/states.scss.liquid, assets/theme.scss.liquid.
Deploy complete @ Tue Aug 14 2018 09:49:56 GMT-0500 (CDT). added/changed 3 file(s): assets/main.scss.liquid, assets/states.scss.liquid, assets/theme.scss.liquid.
Deploy complete @ Tue Aug 14 2018 09:52:34 GMT-0500 (CDT). added/changed 3 file(s): assets/main.scss.liquid, assets/states.scss.liquid, assets/theme.scss.liquid.
Deploy complete @ Tue Aug 14 2018 09:52:58 GMT-0500 (CDT). added/changed 3 file(s): assets/main.scss.liquid, assets/states.scss.liquid, assets/theme.scss.liquid.
Deploy complete @ Tue Aug 14 2018 09:53:08 GMT-0500 (CDT). added/changed 3 file(s): assets/main.scss.liquid, assets/states.scss.liquid, assets/theme.scss.liquid.
Deploy complete @ Tue Aug 14 2018 09:53:28 GMT-0500 (CDT). added/changed 3 file(s): assets/main.scss.liquid, assets/states.scss.liquid, assets/theme.scss.liquid.
Deploy complete @ Tue Aug 14 2018 09:53:49 GMT-0500 (CDT). added/changed 3 file(s): assets/main.scss.liquid, assets/states.scss.liquid, assets/theme.scss.liquid.
Deploy complete @ Tue Aug 14 2018 10:06:11 GMT-0500 (CDT). added/changed 3 file(s): assets/main.scss.liquid, assets/states.scss.liquid, assets/theme.scss.liquid.
Deploy complete @ Tue Aug 14 2018 10:51:14 GMT-0500 (CDT). added/changed 3 file(s): assets/main.scss.liquid, assets/states.scss.liquid, assets/theme.scss.liquid.
Deploy complete @ Tue Aug 14 2018 10:53:25 GMT-0500 (CDT). added/changed 1 file(s): sections/dynamic-promo-mosaic.liquid.
Deploy complete @ Tue Aug 14 2018 10:54:48 GMT-0500 (CDT). added/changed 1 file(s): sections/dynamic-promo-mosaic.liquid.
Deploy complete @ Tue Aug 14 2018 10:55:31 GMT-0500 (CDT). added/changed 1 file(s): sections/dynamic-promo-mosaic.liquid.
Deploy complete @ Tue Aug 14 2018 10:59:08 GMT-0500 (CDT). added/changed 1 file(s): snippets/promo-block.liquid.
Deploy complete @ Tue Aug 14 2018 11:01:36 GMT-0500 (CDT). added/changed 3 file(s): assets/main.scss.liquid, assets/states.scss.liquid, assets/theme.scss.liquid.
Deploy complete @ Tue Aug 14 2018 11:02:33 GMT-0500 (CDT). added/changed 3 file(s): assets/main.scss.liquid, assets/states.scss.liquid, assets/theme.scss.liquid.
Deploy complete @ Tue Aug 14 2018 11:03:48 GMT-0500 (CDT). added/changed 3 file(s): assets/main.scss.liquid, assets/states.scss.liquid, assets/theme.scss.liquid.
Deploy complete @ Tue Aug 14 2018 12:15:59 GMT-0500 (CDT). added/changed 3 file(s): assets/main.scss.liquid, assets/states.scss.liquid, assets/theme.scss.liquid.
Deploy complete @ Tue Aug 14 2018 12:16:03 GMT-0500 (CDT). added/changed 3 file(s): assets/main.scss.liquid, assets/states.scss.liquid, assets/theme.scss.liquid.
Deploy complete @ Tue Aug 14 2018 12:20:56 GMT-0500 (CDT). added/changed 1 file(s): snippets/site-header-actions.liquid.
Deploy complete @ Tue Aug 14 2018 12:28:20 GMT-0500 (CDT). added/changed 1 file(s): sections/static-header.liquid.
Deploy complete @ Tue Aug 14 2018 12:29:45 GMT-0500 (CDT). added/changed 3 file(s): assets/main.scss.liquid, assets/states.scss.liquid, assets/theme.scss.liquid.
Deploy complete @ Tue Aug 14 2018 12:30:11 GMT-0500 (CDT). added/changed 3 file(s): assets/main.scss.liquid, assets/states.scss.liquid, assets/theme.scss.liquid.
Deploy complete @ Tue Aug 14 2018 12:31:42 GMT-0500 (CDT). added/changed 3 file(s): assets/main.scss.liquid, assets/states.scss.liquid, assets/theme.scss.liquid.
Deploy complete @ Tue Aug 14 2018 12:33:05 GMT-0500 (CDT). added/changed 3 file(s): assets/main.scss.liquid, assets/states.scss.liquid, assets/theme.scss.liquid.
Deploy complete @ Tue Aug 14 2018 12:33:38 GMT-0500 (CDT). added/changed 3 file(s): assets/main.scss.liquid, assets/states.scss.liquid, assets/theme.scss.liquid.
Deploy complete @ Tue Aug 14 2018 12:34:58 GMT-0500 (CDT). added/changed 3 file(s): assets/main.scss.liquid, assets/states.scss.liquid, assets/theme.scss.liquid.
Deploy complete @ Tue Aug 14 2018 12:35:10 GMT-0500 (CDT). added/changed 3 file(s): assets/main.scss.liquid, assets/states.scss.liquid, assets/theme.scss.liquid.
Deploy complete @ Tue Aug 14 2018 12:38:20 GMT-0500 (CDT). added/changed 1 file(s): sections/static-header.liquid.
Deploy complete @ Tue Aug 14 2018 12:41:21 GMT-0500 (CDT). added/changed 3 file(s): assets/main.scss.liquid, assets/states.scss.liquid, assets/theme.scss.liquid.
Deploy complete @ Tue Aug 14 2018 12:41:50 GMT-0500 (CDT). added/changed 3 file(s): assets/main.scss.liquid, assets/states.scss.liquid, assets/theme.scss.liquid.
Deploy complete @ Tue Aug 14 2018 12:44:11 GMT-0500 (CDT). added/changed 3 file(s): assets/main.scss.liquid, assets/states.scss.liquid, assets/theme.scss.liquid.
Deploy complete @ Tue Aug 14 2018 12:44:27 GMT-0500 (CDT). added/changed 3 file(s): assets/main.scss.liquid, assets/states.scss.liquid, assets/theme.scss.liquid.
Deploy complete @ Tue Aug 14 2018 12:44:53 GMT-0500 (CDT). added/changed 3 file(s): assets/main.scss.liquid, assets/states.scss.liquid, assets/theme.scss.liquid.
Deploy complete @ Tue Aug 14 2018 12:52:48 GMT-0500 (CDT). added/changed 3 file(s): assets/main.scss.liquid, assets/states.scss.liquid, assets/theme.scss.liquid.
Deploy complete @ Tue Aug 14 2018 12:54:29 GMT-0500 (CDT). added/changed 3 file(s): assets/main.scss.liquid, assets/states.scss.liquid, assets/theme.scss.liquid.
Deploy complete @ Tue Aug 14 2018 12:56:41 GMT-0500 (CDT). added/changed 3 file(s): assets/main.scss.liquid, assets/states.scss.liquid, assets/theme.scss.liquid.
Deploy complete @ Tue Aug 14 2018 12:59:06 GMT-0500 (CDT). added/changed 3 file(s): assets/main.scss.liquid, assets/states.scss.liquid, assets/theme.scss.liquid.
Deploy complete @ Tue Aug 14 2018 13:03:43 GMT-0500 (CDT). added/changed 1 file(s): sections/dynamic-promo-grid.liquid.
Deploy complete @ Tue Aug 14 2018 13:04:45 GMT-0500 (CDT). added/changed 3 file(s): assets/main.scss.liquid, assets/states.scss.liquid, assets/theme.scss.liquid.
Deploy complete @ Tue Aug 14 2018 13:07:52 GMT-0500 (CDT). added/changed 3 file(s): assets/main.scss.liquid, assets/states.scss.liquid, assets/theme.scss.liquid.
Deploy complete @ Tue Aug 14 2018 13:08:22 GMT-0500 (CDT). added/changed 3 file(s): assets/main.scss.liquid, assets/states.scss.liquid, assets/theme.scss.liquid.
Deploy complete @ Tue Aug 14 2018 13:09:56 GMT-0500 (CDT). added/changed 3 file(s): assets/main.scss.liquid, assets/states.scss.liquid, assets/theme.scss.liquid.
Deploy complete @ Tue Aug 14 2018 13:10:13 GMT-0500 (CDT). added/changed 3 file(s): assets/main.scss.liquid, assets/states.scss.liquid, assets/theme.scss.liquid.
Deploy complete @ Tue Aug 14 2018 13:11:42 GMT-0500 (CDT). added/changed 3 file(s): assets/main.scss.liquid, assets/states.scss.liquid, assets/theme.scss.liquid.
Deploy complete @ Tue Aug 14 2018 13:14:05 GMT-0500 (CDT). added/changed 3 file(s): assets/main.scss.liquid, assets/states.scss.liquid, assets/theme.scss.liquid.
Deploy complete @ Tue Aug 14 2018 13:15:31 GMT-0500 (CDT). added/changed 3 file(s): assets/main.scss.liquid, assets/states.scss.liquid, assets/theme.scss.liquid.
Deploy complete @ Tue Aug 14 2018 13:18:26 GMT-0500 (CDT). added/changed 3 file(s): assets/main.scss.liquid, assets/states.scss.liquid, assets/theme.scss.liquid.
Deploy complete @ Tue Aug 14 2018 13:19:17 GMT-0500 (CDT). added/changed 3 file(s): assets/main.scss.liquid, assets/states.scss.liquid, assets/theme.scss.liquid.
Deploy complete @ Tue Aug 14 2018 13:21:27 GMT-0500 (CDT). added/changed 3 file(s): assets/main.scss.liquid, assets/states.scss.liquid, assets/theme.scss.liquid.
Deploy complete @ Tue Aug 14 2018 13:21:34 GMT-0500 (CDT). added/changed 3 file(s): assets/main.scss.liquid, assets/states.scss.liquid, assets/theme.scss.liquid.
Deploy complete @ Tue Aug 14 2018 13:23:04 GMT-0500 (CDT). added/changed 3 file(s): assets/main.scss.liquid, assets/states.scss.liquid, assets/theme.scss.liquid.
Deploy complete @ Tue Aug 14 2018 13:23:38 GMT-0500 (CDT). added/changed 3 file(s): assets/main.scss.liquid, assets/states.scss.liquid, assets/theme.scss.liquid.
Deploy complete @ Tue Aug 14 2018 13:23:56 GMT-0500 (CDT). added/changed 3 file(s): assets/main.scss.liquid, assets/states.scss.liquid, assets/theme.scss.liquid.
Deploy complete @ Tue Aug 14 2018 13:32:07 GMT-0500 (CDT). added/changed 1 file(s): sections/dynamic-menu-list.liquid.
Deploy complete @ Tue Aug 14 2018 13:32:51 GMT-0500 (CDT). added/changed 1 file(s): sections/dynamic-menu-list.liquid.
Deploy complete @ Tue Aug 14 2018 13:35:41 GMT-0500 (CDT). added/changed 1 file(s): sections/dynamic-menu-list.liquid.
Deploy complete @ Tue Aug 14 2018 13:36:49 GMT-0500 (CDT). added/changed 1 file(s): sections/dynamic-menu-list.liquid.
Deploy complete @ Tue Aug 14 2018 13:48:33 GMT-0500 (CDT). added/changed 1 file(s): sections/dynamic-logo-list.liquid.
Deploy complete @ Tue Aug 14 2018 15:07:15 GMT-0500 (CDT). added/changed 3 file(s): assets/main.scss.liquid, assets/states.scss.liquid, assets/theme.scss.liquid.
Deploy complete @ Tue Aug 14 2018 15:07:28 GMT-0500 (CDT). added/changed 3 file(s): assets/main.scss.liquid, assets/states.scss.liquid, assets/theme.scss.liquid.
Deploy complete @ Tue Aug 14 2018 15:11:59 GMT-0500 (CDT). added/changed 1 file(s): snippets/newsletter.liquid.
Deploy complete @ Tue Aug 14 2018 15:13:04 GMT-0500 (CDT). added/changed 3 file(s): assets/main.scss.liquid, assets/states.scss.liquid, assets/theme.scss.liquid.
Deploy complete @ Tue Aug 14 2018 15:22:02 GMT-0500 (CDT). added/changed 3 file(s): assets/main.scss.liquid, assets/states.scss.liquid, assets/theme.scss.liquid.
Deploy complete @ Tue Aug 14 2018 15:22:34 GMT-0500 (CDT). added/changed 3 file(s): assets/main.scss.liquid, assets/states.scss.liquid, assets/theme.scss.liquid.
Deploy complete @ Tue Aug 14 2018 15:23:51 GMT-0500 (CDT). added/changed 3 file(s): assets/main.scss.liquid, assets/states.scss.liquid, assets/theme.scss.liquid.
Deploy complete @ Tue Aug 14 2018 15:24:27 GMT-0500 (CDT). added/changed 3 file(s): assets/main.scss.liquid, assets/states.scss.liquid, assets/theme.scss.liquid.
Deploy complete @ Tue Aug 14 2018 15:29:22 GMT-0500 (CDT). added/changed 1 file(s): sections/static-footer.liquid.
Deploy complete @ Tue Aug 14 2018 15:31:53 GMT-0500 (CDT). added/changed 3 file(s): assets/main.scss.liquid, assets/states.scss.liquid, assets/theme.scss.liquid.
Deploy complete @ Tue Aug 14 2018 15:33:39 GMT-0500 (CDT). added/changed 3 file(s): assets/main.scss.liquid, assets/states.scss.liquid, assets/theme.scss.liquid.
Deploy complete @ Tue Aug 14 2018 15:35:23 GMT-0500 (CDT). added/changed 3 file(s): assets/main.scss.liquid, assets/states.scss.liquid, assets/theme.scss.liquid.
Deploy complete @ Tue Aug 14 2018 15:40:28 GMT-0500 (CDT). added/changed 3 file(s): assets/main.scss.liquid, assets/states.scss.liquid, assets/theme.scss.liquid.
Deploy complete @ Tue Aug 14 2018 15:42:56 GMT-0500 (CDT). added/changed 3 file(s): assets/main.scss.liquid, assets/states.scss.liquid, assets/theme.scss.liquid.
Deploy complete @ Tue Aug 14 2018 15:43:36 GMT-0500 (CDT). added/changed 3 file(s): assets/main.scss.liquid, assets/states.scss.liquid, assets/theme.scss.liquid.
Deploy complete @ Tue Aug 14 2018 15:51:18 GMT-0500 (CDT). added/changed 1 file(s): sections/static-product.liquid.
Deploy complete @ Tue Aug 14 2018 15:52:14 GMT-0500 (CDT). added/changed 3 file(s): assets/main.scss.liquid, assets/states.scss.liquid, assets/theme.scss.liquid.
Deploy complete @ Tue Aug 14 2018 15:52:18 GMT-0500 (CDT). added/changed 3 file(s): assets/main.scss.liquid, assets/states.scss.liquid, assets/theme.scss.liquid.
Deploy complete @ Tue Aug 14 2018 15:55:15 GMT-0500 (CDT). added/changed 3 file(s): assets/main.scss.liquid, assets/states.scss.liquid, assets/theme.scss.liquid.
Deploy complete @ Tue Aug 14 2018 15:57:18 GMT-0500 (CDT). added/changed 3 file(s): assets/main.scss.liquid, assets/states.scss.liquid, assets/theme.scss.liquid.
